<?xml version="1.0" encoding="UTF-8"?>
<testsuite xmlns:xsi="http://www.w3.org/2001/XMLSchema-instance" xsi:noNamespaceSchemaLocation="https://maven.apache.org/surefire/maven-surefire-plugin/xsd/surefire-test-report.xsd" name="support.PactSupportTest" time="1.653" tests="1" errors="0" skipped="0" failures="0">
  <properties>
    <property name="sun.desktop" value="windows"/>
    <property name="awt.toolkit" value="sun.awt.windows.WToolkit"/>
    <property name="file.encoding.pkg" value="sun.io"/>
    <property name="java.specification.version" value="1.8"/>
    <property name="sun.cpu.isalist" value="amd64"/>
    <property name="sun.jnu.encoding" value="Cp1252"/>
    <property name="java.class.path" value="D:\Git Project\Pact-Test\target\test-classes;D:\Git Project\Pact-Test\target\classes;C:\Users\gauta\.m2\repository\au\com\dius\pact-jvm-consumer-junit\4.0.10\pact-jvm-consumer-junit-4.0.10.jar;C:\Users\gauta\.m2\repository\au\com\dius\pact-jvm-consumer\4.0.10\pact-jvm-consumer-4.0.10.jar;C:\Users\gauta\.m2\repository\com\googlecode\java-diff-utils\diffutils\1.3.0\diffutils-1.3.0.jar;C:\Users\gauta\.m2\repository\dk\brics\automaton\automaton\1.11-8\automaton-1.11-8.jar;C:\Users\gauta\.m2\repository\org\apache\httpcomponents\httpclient\4.5.5\httpclient-4.5.5.jar;C:\Users\gauta\.m2\repository\org\apache\httpcomponents\httpcore\4.4.9\httpcore-4.4.9.jar;C:\Users\gauta\.m2\repository\commons-logging\commons-logging\1.2\commons-logging-1.2.jar;C:\Users\gauta\.m2\repository\commons-codec\commons-codec\1.10\commons-codec-1.10.jar;C:\Users\gauta\.m2\repository\io\netty\netty-handler\4.1.30.Final\netty-handler-4.1.30.Final.jar;C:\Users\gauta\.m2\repository\io\netty\netty-buffer\4.1.30.Final\netty-buffer-4.1.30.Final.jar;C:\Users\gauta\.m2\repository\io\netty\netty-common\4.1.30.Final\netty-common-4.1.30.Final.jar;C:\Users\gauta\.m2\repository\io\netty\netty-transport\4.1.30.Final\netty-transport-4.1.30.Final.jar;C:\Users\gauta\.m2\repository\io\netty\netty-resolver\4.1.30.Final\netty-resolver-4.1.30.Final.jar;C:\Users\gauta\.m2\repository\io\netty\netty-codec\4.1.30.Final\netty-codec-4.1.30.Final.jar;C:\Users\gauta\.m2\repository\org\apache\httpcomponents\httpmime\4.5.5\httpmime-4.5.5.jar;C:\Users\gauta\.m2\repository\org\apache\httpcomponents\fluent-hc\4.5.5\fluent-hc-4.5.5.jar;C:\Users\gauta\.m2\repository\au\com\dius\pact-jvm-core-model\4.0.10\pact-jvm-core-model-4.0.10.jar;C:\Users\gauta\.m2\repository\com\github\zafarkhaja\java-semver\0.9.0\java-semver-0.9.0.jar;C:\Users\gauta\.m2\repository\org\apache\commons\commons-collections4\4.1\commons-collections4-4.1.jar;C:\Users\gauta\.m2\repository\com\github\mifmif\generex\1.0.2\generex-1.0.2.jar;C:\Users\gauta\.m2\repository\javax\mail\mail\1.5.0-b01\mail-1.5.0-b01.jar;C:\Users\gauta\.m2\repository\javax\activation\activation\1.1\activation-1.1.jar;C:\Users\gauta\.m2\repository\org\jetbrains\kotlin\kotlin-reflect\1.3.71\kotlin-reflect-1.3.71.jar;C:\Users\gauta\.m2\repository\au\com\dius\pact-jvm-core-support\4.0.10\pact-jvm-core-support-4.0.10.jar;C:\Users\gauta\.m2\repository\org\antlr\antlr4\4.7.2\antlr4-4.7.2.jar;C:\Users\gauta\.m2\repository\org\antlr\antlr4-runtime\4.7.2\antlr4-runtime-4.7.2.jar;C:\Users\gauta\.m2\repository\org\antlr\antlr-runtime\3.5.2\antlr-runtime-3.5.2.jar;C:\Users\gauta\.m2\repository\org\antlr\ST4\4.1\ST4-4.1.jar;C:\Users\gauta\.m2\repository\org\abego\treelayout\org.abego.treelayout.core\1.0.3\org.abego.treelayout.core-1.0.3.jar;C:\Users\gauta\.m2\repository\org\glassfish\javax.json\1.0.4\javax.json-1.0.4.jar;C:\Users\gauta\.m2\repository\com\ibm\icu\icu4j\61.1\icu4j-61.1.jar;C:\Users\gauta\.m2\repository\io\github\microutils\kotlin-logging\1.6.26\kotlin-logging-1.6.26.jar;C:\Users\gauta\.m2\repository\io\github\microutils\kotlin-logging-common\1.6.26\kotlin-logging-common-1.6.26.jar;C:\Users\gauta\.m2\repository\io\arrow-kt\arrow-core-extensions\0.9.0\arrow-core-extensions-0.9.0.jar;C:\Users\gauta\.m2\repository\io\arrow-kt\arrow-annotations\0.9.0\arrow-annotations-0.9.0.jar;C:\Users\gauta\.m2\repository\io\kindedj\kindedj\1.1.0\kindedj-1.1.0.jar;C:\Users\gauta\.m2\repository\io\arrow-kt\arrow-typeclasses\0.9.0\arrow-typeclasses-0.9.0.jar;C:\Users\gauta\.m2\repository\io\arrow-kt\arrow-core-data\0.9.0\arrow-core-data-0.9.0.jar;C:\Users\gauta\.m2\repository\com\google\code\findbugs\jsr305\3.0.2\jsr305-3.0.2.jar;C:\Users\gauta\.m2\repository\au\com\dius\pact-jvm-core-pact-broker\4.0.10\pact-jvm-core-pact-broker-4.0.10.jar;C:\Users\gauta\.m2\repository\org\dmfs\rfc3986-uri\0.8\rfc3986-uri-0.8.jar;C:\Users\gauta\.m2\repository\org\dmfs\iterators\1.5\iterators-1.5.jar;C:\Users\gauta\.m2\repository\org\dmfs\optional\0.3\optional-0.3.jar;C:\Users\gauta\.m2\repository\com\google\code\gson\gson\2.8.6\gson-2.8.6.jar;C:\Users\gauta\.m2\repository\com\github\salomonbrys\kotson\kotson\2.5.0\kotson-2.5.0.jar;C:\Users\gauta\.m2\repository\au\com\dius\pact-jvm-core-matchers\4.0.10\pact-jvm-core-matchers-4.0.10.jar;C:\Users\gauta\.m2\repository\xerces\xercesImpl\2.12.0\xercesImpl-2.12.0.jar;C:\Users\gauta\.m2\repository\xml-apis\xml-apis\1.4.01\xml-apis-1.4.01.jar;C:\Users\gauta\.m2\repository\org\atteo\evo-inflector\1.2.2\evo-inflector-1.2.2.jar;C:\Users\gauta\.m2\repository\org\slf4j\slf4j-api\1.7.28\slf4j-api-1.7.28.jar;C:\Users\gauta\.m2\repository\io\ktor\ktor-server-netty\1.2.6\ktor-server-netty-1.2.6.jar;C:\Users\gauta\.m2\repository\org\jetbrains\kotlin\kotlin-stdlib\1.3.60\kotlin-stdlib-1.3.60.jar;C:\Users\gauta\.m2\repository\org\jetbrains\kotlin\kotlin-stdlib-common\1.3.60\kotlin-stdlib-common-1.3.60.jar;C:\Users\gauta\.m2\repository\org\jetbrains\annotations\13.0\annotations-13.0.jar;C:\Users\gauta\.m2\repository\org\jetbrains\kotlin\kotlin-stdlib-jdk7\1.3.60\kotlin-stdlib-jdk7-1.3.60.jar;C:\Users\gauta\.m2\repository\org\jetbrains\kotlin\kotlin-stdlib-jdk8\1.3.60\kotlin-stdlib-jdk8-1.3.60.jar;C:\Users\gauta\.m2\repository\org\jetbrains\kotlinx\atomicfu\0.14.1\atomicfu-0.14.1.jar;C:\Users\gauta\.m2\repository\com\typesafe\config\1.3.1\config-1.3.1.jar;C:\Users\gauta\.m2\repository\org\jetbrains\kotlinx\kotlinx-coroutines-jdk8\1.3.2-1.3.60\kotlinx-coroutines-jdk8-1.3.2-1.3.60.jar;C:\Users\gauta\.m2\repository\org\jetbrains\kotlinx\kotlinx-coroutines-core\1.3.2-1.3.60\kotlinx-coroutines-core-1.3.2-1.3.60.jar;C:\Users\gauta\.m2\repository\org\jetbrains\kotlinx\kotlinx-io-jvm\0.1.16\kotlinx-io-jvm-0.1.16.jar;C:\Users\gauta\.m2\repository\org\jetbrains\kotlinx\atomicfu-common\0.14.1\atomicfu-common-0.14.1.jar;C:\Users\gauta\.m2\repository\org\jetbrains\kotlinx\kotlinx-io\0.1.16\kotlinx-io-0.1.16.jar;C:\Users\gauta\.m2\repository\org\jetbrains\kotlinx\kotlinx-coroutines-io-jvm\0.1.16\kotlinx-coroutines-io-jvm-0.1.16.jar;C:\Users\gauta\.m2\repository\org\jetbrains\kotlinx\kotlinx-coroutines-core-common\1.3.2-1.3.60\kotlinx-coroutines-core-common-1.3.2-1.3.60.jar;C:\Users\gauta\.m2\repository\org\jetbrains\kotlinx\kotlinx-coroutines-io\0.1.16\kotlinx-coroutines-io-0.1.16.jar;C:\Users\gauta\.m2\repository\io\ktor\ktor-server-host-common\1.2.6\ktor-server-host-common-1.2.6.jar;C:\Users\gauta\.m2\repository\io\ktor\ktor-server-core\1.2.6\ktor-server-core-1.2.6.jar;C:\Users\gauta\.m2\repository\io\netty\netty-codec-http2\4.1.37.Final\netty-codec-http2-4.1.37.Final.jar;C:\Users\gauta\.m2\repository\io\netty\netty-codec-http\4.1.37.Final\netty-codec-http-4.1.37.Final.jar;C:\Users\gauta\.m2\repository\org\eclipse\jetty\alpn\alpn-api\1.1.3.v20160715\alpn-api-1.1.3.v20160715.jar;C:\Users\gauta\.m2\repository\io\netty\netty-transport-native-kqueue\4.1.37.Final\netty-transport-native-kqueue-4.1.37.Final.jar;C:\Users\gauta\.m2\repository\io\netty\netty-transport-native-unix-common\4.1.37.Final\netty-transport-native-unix-common-4.1.37.Final.jar;C:\Users\gauta\.m2\repository\io\netty\netty-transport-native-epoll\4.1.37.Final\netty-transport-native-epoll-4.1.37.Final.jar;C:\Users\gauta\.m2\repository\io\ktor\ktor-network-tls\1.2.6\ktor-network-tls-1.2.6.jar;C:\Users\gauta\.m2\repository\io\ktor\ktor-network\1.2.6\ktor-network-1.2.6.jar;C:\Users\gauta\.m2\repository\io\ktor\ktor-utils-jvm\1.2.6\ktor-utils-jvm-1.2.6.jar;C:\Users\gauta\.m2\repository\io\ktor\ktor-http-cio-jvm\1.2.6\ktor-http-cio-jvm-1.2.6.jar;C:\Users\gauta\.m2\repository\io\ktor\ktor-http-jvm\1.2.6\ktor-http-jvm-1.2.6.jar;C:\Users\gauta\.m2\repository\junit\junit\4.12\junit-4.12.jar;C:\Users\gauta\.m2\repository\org\hamcrest\hamcrest-core\1.3\hamcrest-core-1.3.jar;C:\Users\gauta\.m2\repository\org\json\json\20160212\json-20160212.jar;C:\Users\gauta\.m2\repository\org\apache\commons\commons-lang3\3.4\commons-lang3-3.4.jar;C:\Users\gauta\.m2\repository\com\google\guava\guava\18.0\guava-18.0.jar;C:\Users\gauta\.m2\repository\org\assertj\assertj-core\3.20.1\assertj-core-3.20.1.jar;C:\Users\gauta\.m2\repository\org\skyscreamer\jsonassert\1.5.0\jsonassert-1.5.0.jar;C:\Users\gauta\.m2\repository\com\vaadin\external\google\android-json\0.0.20131108.vaadin1\android-json-0.0.20131108.vaadin1.jar;"/>
    <property name="java.vm.vendor" value="Oracle Corporation"/>
    <property name="sun.arch.data.model" value="64"/>
    <property name="user.variant" value=""/>
    <property name="java.vendor.url" value="http://java.oracle.com/"/>
    <property name="user.timezone" value="Asia/Calcutta"/>
    <property name="java.vm.specification.version" value="1.8"/>
    <property name="os.name" value="Windows 10"/>
    <property name="user.country" value="IN"/>
    <property name="sun.java.launcher" value="SUN_STANDARD"/>
    <property name="sun.boot.library.path" value="C:\Program Files\Java\jdk1.8.0_281\jre\bin"/>
    <property name="sun.java.command" value="C:\Users\gauta\AppData\Local\Temp\surefire9096451447565152508\surefirebooter7047625519580442803.jar C:\Users\gauta\AppData\Local\Temp\surefire9096451447565152508 2021-06-18T00-48-51_816-jvmRun1 surefire7412845877567932803tmp surefire_04154737093789025032tmp"/>
    <property name="surefire.test.class.path" value="D:\Git Project\Pact-Test\target\test-classes;D:\Git Project\Pact-Test\target\classes;C:\Users\gauta\.m2\repository\au\com\dius\pact-jvm-consumer-junit\4.0.10\pact-jvm-consumer-junit-4.0.10.jar;C:\Users\gauta\.m2\repository\au\com\dius\pact-jvm-consumer\4.0.10\pact-jvm-consumer-4.0.10.jar;C:\Users\gauta\.m2\repository\com\googlecode\java-diff-utils\diffutils\1.3.0\diffutils-1.3.0.jar;C:\Users\gauta\.m2\repository\dk\brics\automaton\automaton\1.11-8\automaton-1.11-8.jar;C:\Users\gauta\.m2\repository\org\apache\httpcomponents\httpclient\4.5.5\httpclient-4.5.5.jar;C:\Users\gauta\.m2\repository\org\apache\httpcomponents\httpcore\4.4.9\httpcore-4.4.9.jar;C:\Users\gauta\.m2\repository\commons-logging\commons-logging\1.2\commons-logging-1.2.jar;C:\Users\gauta\.m2\repository\commons-codec\commons-codec\1.10\commons-codec-1.10.jar;C:\Users\gauta\.m2\repository\io\netty\netty-handler\4.1.30.Final\netty-handler-4.1.30.Final.jar;C:\Users\gauta\.m2\repository\io\netty\netty-buffer\4.1.30.Final\netty-buffer-4.1.30.Final.jar;C:\Users\gauta\.m2\repository\io\netty\netty-common\4.1.30.Final\netty-common-4.1.30.Final.jar;C:\Users\gauta\.m2\repository\io\netty\netty-transport\4.1.30.Final\netty-transport-4.1.30.Final.jar;C:\Users\gauta\.m2\repository\io\netty\netty-resolver\4.1.30.Final\netty-resolver-4.1.30.Final.jar;C:\Users\gauta\.m2\repository\io\netty\netty-codec\4.1.30.Final\netty-codec-4.1.30.Final.jar;C:\Users\gauta\.m2\repository\org\apache\httpcomponents\httpmime\4.5.5\httpmime-4.5.5.jar;C:\Users\gauta\.m2\repository\org\apache\httpcomponents\fluent-hc\4.5.5\fluent-hc-4.5.5.jar;C:\Users\gauta\.m2\repository\au\com\dius\pact-jvm-core-model\4.0.10\pact-jvm-core-model-4.0.10.jar;C:\Users\gauta\.m2\repository\com\github\zafarkhaja\java-semver\0.9.0\java-semver-0.9.0.jar;C:\Users\gauta\.m2\repository\org\apache\commons\commons-collections4\4.1\commons-collections4-4.1.jar;C:\Users\gauta\.m2\repository\com\github\mifmif\generex\1.0.2\generex-1.0.2.jar;C:\Users\gauta\.m2\repository\javax\mail\mail\1.5.0-b01\mail-1.5.0-b01.jar;C:\Users\gauta\.m2\repository\javax\activation\activation\1.1\activation-1.1.jar;C:\Users\gauta\.m2\repository\org\jetbrains\kotlin\kotlin-reflect\1.3.71\kotlin-reflect-1.3.71.jar;C:\Users\gauta\.m2\repository\au\com\dius\pact-jvm-core-support\4.0.10\pact-jvm-core-support-4.0.10.jar;C:\Users\gauta\.m2\repository\org\antlr\antlr4\4.7.2\antlr4-4.7.2.jar;C:\Users\gauta\.m2\repository\org\antlr\antlr4-runtime\4.7.2\antlr4-runtime-4.7.2.jar;C:\Users\gauta\.m2\repository\org\antlr\antlr-runtime\3.5.2\antlr-runtime-3.5.2.jar;C:\Users\gauta\.m2\repository\org\antlr\ST4\4.1\ST4-4.1.jar;C:\Users\gauta\.m2\repository\org\abego\treelayout\org.abego.treelayout.core\1.0.3\org.abego.treelayout.core-1.0.3.jar;C:\Users\gauta\.m2\repository\org\glassfish\javax.json\1.0.4\javax.json-1.0.4.jar;C:\Users\gauta\.m2\repository\com\ibm\icu\icu4j\61.1\icu4j-61.1.jar;C:\Users\gauta\.m2\repository\io\github\microutils\kotlin-logging\1.6.26\kotlin-logging-1.6.26.jar;C:\Users\gauta\.m2\repository\io\github\microutils\kotlin-logging-common\1.6.26\kotlin-logging-common-1.6.26.jar;C:\Users\gauta\.m2\repository\io\arrow-kt\arrow-core-extensions\0.9.0\arrow-core-extensions-0.9.0.jar;C:\Users\gauta\.m2\repository\io\arrow-kt\arrow-annotations\0.9.0\arrow-annotations-0.9.0.jar;C:\Users\gauta\.m2\repository\io\kindedj\kindedj\1.1.0\kindedj-1.1.0.jar;C:\Users\gauta\.m2\repository\io\arrow-kt\arrow-typeclasses\0.9.0\arrow-typeclasses-0.9.0.jar;C:\Users\gauta\.m2\repository\io\arrow-kt\arrow-core-data\0.9.0\arrow-core-data-0.9.0.jar;C:\Users\gauta\.m2\repository\com\google\code\findbugs\jsr305\3.0.2\jsr305-3.0.2.jar;C:\Users\gauta\.m2\repository\au\com\dius\pact-jvm-core-pact-broker\4.0.10\pact-jvm-core-pact-broker-4.0.10.jar;C:\Users\gauta\.m2\repository\org\dmfs\rfc3986-uri\0.8\rfc3986-uri-0.8.jar;C:\Users\gauta\.m2\repository\org\dmfs\iterators\1.5\iterators-1.5.jar;C:\Users\gauta\.m2\repository\org\dmfs\optional\0.3\optional-0.3.jar;C:\Users\gauta\.m2\repository\com\google\code\gson\gson\2.8.6\gson-2.8.6.jar;C:\Users\gauta\.m2\repository\com\github\salomonbrys\kotson\kotson\2.5.0\kotson-2.5.0.jar;C:\Users\gauta\.m2\repository\au\com\dius\pact-jvm-core-matchers\4.0.10\pact-jvm-core-matchers-4.0.10.jar;C:\Users\gauta\.m2\repository\xerces\xercesImpl\2.12.0\xercesImpl-2.12.0.jar;C:\Users\gauta\.m2\repository\xml-apis\xml-apis\1.4.01\xml-apis-1.4.01.jar;C:\Users\gauta\.m2\repository\org\atteo\evo-inflector\1.2.2\evo-inflector-1.2.2.jar;C:\Users\gauta\.m2\repository\org\slf4j\slf4j-api\1.7.28\slf4j-api-1.7.28.jar;C:\Users\gauta\.m2\repository\io\ktor\ktor-server-netty\1.2.6\ktor-server-netty-1.2.6.jar;C:\Users\gauta\.m2\repository\org\jetbrains\kotlin\kotlin-stdlib\1.3.60\kotlin-stdlib-1.3.60.jar;C:\Users\gauta\.m2\repository\org\jetbrains\kotlin\kotlin-stdlib-common\1.3.60\kotlin-stdlib-common-1.3.60.jar;C:\Users\gauta\.m2\repository\org\jetbrains\annotations\13.0\annotations-13.0.jar;C:\Users\gauta\.m2\repository\org\jetbrains\kotlin\kotlin-stdlib-jdk7\1.3.60\kotlin-stdlib-jdk7-1.3.60.jar;C:\Users\gauta\.m2\repository\org\jetbrains\kotlin\kotlin-stdlib-jdk8\1.3.60\kotlin-stdlib-jdk8-1.3.60.jar;C:\Users\gauta\.m2\repository\org\jetbrains\kotlinx\atomicfu\0.14.1\atomicfu-0.14.1.jar;C:\Users\gauta\.m2\repository\com\typesafe\config\1.3.1\config-1.3.1.jar;C:\Users\gauta\.m2\repository\org\jetbrains\kotlinx\kotlinx-coroutines-jdk8\1.3.2-1.3.60\kotlinx-coroutines-jdk8-1.3.2-1.3.60.jar;C:\Users\gauta\.m2\repository\org\jetbrains\kotlinx\kotlinx-coroutines-core\1.3.2-1.3.60\kotlinx-coroutines-core-1.3.2-1.3.60.jar;C:\Users\gauta\.m2\repository\org\jetbrains\kotlinx\kotlinx-io-jvm\0.1.16\kotlinx-io-jvm-0.1.16.jar;C:\Users\gauta\.m2\repository\org\jetbrains\kotlinx\atomicfu-common\0.14.1\atomicfu-common-0.14.1.jar;C:\Users\gauta\.m2\repository\org\jetbrains\kotlinx\kotlinx-io\0.1.16\kotlinx-io-0.1.16.jar;C:\Users\gauta\.m2\repository\org\jetbrains\kotlinx\kotlinx-coroutines-io-jvm\0.1.16\kotlinx-coroutines-io-jvm-0.1.16.jar;C:\Users\gauta\.m2\repository\org\jetbrains\kotlinx\kotlinx-coroutines-core-common\1.3.2-1.3.60\kotlinx-coroutines-core-common-1.3.2-1.3.60.jar;C:\Users\gauta\.m2\repository\org\jetbrains\kotlinx\kotlinx-coroutines-io\0.1.16\kotlinx-coroutines-io-0.1.16.jar;C:\Users\gauta\.m2\repository\io\ktor\ktor-server-host-common\1.2.6\ktor-server-host-common-1.2.6.jar;C:\Users\gauta\.m2\repository\io\ktor\ktor-server-core\1.2.6\ktor-server-core-1.2.6.jar;C:\Users\gauta\.m2\repository\io\netty\netty-codec-http2\4.1.37.Final\netty-codec-http2-4.1.37.Final.jar;C:\Users\gauta\.m2\repository\io\netty\netty-codec-http\4.1.37.Final\netty-codec-http-4.1.37.Final.jar;C:\Users\gauta\.m2\repository\org\eclipse\jetty\alpn\alpn-api\1.1.3.v20160715\alpn-api-1.1.3.v20160715.jar;C:\Users\gauta\.m2\repository\io\netty\netty-transport-native-kqueue\4.1.37.Final\netty-transport-native-kqueue-4.1.37.Final.jar;C:\Users\gauta\.m2\repository\io\netty\netty-transport-native-unix-common\4.1.37.Final\netty-transport-native-unix-common-4.1.37.Final.jar;C:\Users\gauta\.m2\repository\io\netty\netty-transport-native-epoll\4.1.37.Final\netty-transport-native-epoll-4.1.37.Final.jar;C:\Users\gauta\.m2\repository\io\ktor\ktor-network-tls\1.2.6\ktor-network-tls-1.2.6.jar;C:\Users\gauta\.m2\repository\io\ktor\ktor-network\1.2.6\ktor-network-1.2.6.jar;C:\Users\gauta\.m2\repository\io\ktor\ktor-utils-jvm\1.2.6\ktor-utils-jvm-1.2.6.jar;C:\Users\gauta\.m2\repository\io\ktor\ktor-http-cio-jvm\1.2.6\ktor-http-cio-jvm-1.2.6.jar;C:\Users\gauta\.m2\repository\io\ktor\ktor-http-jvm\1.2.6\ktor-http-jvm-1.2.6.jar;C:\Users\gauta\.m2\repository\junit\junit\4.12\junit-4.12.jar;C:\Users\gauta\.m2\repository\org\hamcrest\hamcrest-core\1.3\hamcrest-core-1.3.jar;C:\Users\gauta\.m2\repository\org\json\json\20160212\json-20160212.jar;C:\Users\gauta\.m2\repository\org\apache\commons\commons-lang3\3.4\commons-lang3-3.4.jar;C:\Users\gauta\.m2\repository\com\google\guava\guava\18.0\guava-18.0.jar;C:\Users\gauta\.m2\repository\org\assertj\assertj-core\3.20.1\assertj-core-3.20.1.jar;C:\Users\gauta\.m2\repository\org\skyscreamer\jsonassert\1.5.0\jsonassert-1.5.0.jar;C:\Users\gauta\.m2\repository\com\vaadin\external\google\android-json\0.0.20131108.vaadin1\android-json-0.0.20131108.vaadin1.jar;"/>
    <property name="sun.cpu.endian" value="little"/>
    <property name="user.home" value="C:\Users\gauta"/>
    <property name="user.language" value="en"/>
    <property name="java.specification.vendor" value="Oracle Corporation"/>
    <property name="java.home" value="C:\Program Files\Java\jdk1.8.0_281\jre"/>
    <property name="basedir" value="D:\Git Project\Pact-Test"/>
    <property name="file.separator" value="\"/>
    <property name="line.separator" value="&#10;"/>
    <property name="java.vm.specification.vendor" value="Oracle Corporation"/>
    <property name="java.specification.name" value="Java Platform API Specification"/>
    <property name="java.awt.graphicsenv" value="sun.awt.Win32GraphicsEnvironment"/>
    <property name="surefire.real.class.path" value="C:\Users\gauta\AppData\Local\Temp\surefire9096451447565152508\surefirebooter7047625519580442803.jar"/>
    <property name="sun.boot.class.path" value="C:\Program Files\Java\jdk1.8.0_281\jre\lib\resources.jar;C:\Program Files\Java\jdk1.8.0_281\jre\lib\rt.jar;C:\Program Files\Java\jdk1.8.0_281\jre\lib\sunrsasign.jar;C:\Program Files\Java\jdk1.8.0_281\jre\lib\jsse.jar;C:\Program Files\Java\jdk1.8.0_281\jre\lib\jce.jar;C:\Program Files\Java\jdk1.8.0_281\jre\lib\charsets.jar;C:\Program Files\Java\jdk1.8.0_281\jre\lib\jfr.jar;C:\Program Files\Java\jdk1.8.0_281\jre\classes"/>
    <property name="user.script" value=""/>
    <property name="sun.management.compiler" value="HotSpot 64-Bit Tiered Compilers"/>
    <property name="java.runtime.version" value="1.8.0_281-b09"/>
    <property name="user.name" value="gauta"/>
    <property name="path.separator" value=";"/>
    <property name="os.version" value="10.0"/>
    <property name="java.endorsed.dirs" value="C:\Program Files\Java\jdk1.8.0_281\jre\lib\endorsed"/>
    <property name="java.runtime.name" value="Java(TM) SE Runtime Environment"/>
    <property name="file.encoding" value="Cp1252"/>
    <property name="java.vm.name" value="Java HotSpot(TM) 64-Bit Server VM"/>
    <property name="localRepository" value="C:\Users\gauta\.m2\repository"/>
    <property name="java.vendor.url.bug" value="http://bugreport.sun.com/bugreport/"/>
    <property name="java.io.tmpdir" value="C:\Users\gauta\AppData\Local\Temp\"/>
    <property name="idea.version" value="2020.3.2"/>
    <property name="java.version" value="1.8.0_281"/>
    <property name="user.dir" value="D:\Git Project\Pact-Test"/>
    <property name="os.arch" value="amd64"/>
    <property name="java.vm.specification.name" value="Java Virtual Machine Specification"/>
    <property name="java.awt.printerjob" value="sun.awt.windows.WPrinterJob"/>
    <property name="sun.os.patch.level" value=""/>
    <property name="java.library.path" value="C:\Program Files\Java\jdk1.8.0_281\jre\bin;C:\WINDOWS\Sun\Java\bin;C:\WINDOWS\system32;C:\WINDOWS;C:\Program Files\Scripts\;C:\Program Files\;C:\WINDOWS\system32;C:\WINDOWS;C:\WINDOWS\System32\Wbem;C:\WINDOWS\System32\WindowsPowerShell\v1.0\;C:\WINDOWS\System32\OpenSSH\;C:\Program Files\Git\cmd;D:\maven\apache-maven-3.6.3\bin;C:\Program Files\Java\jdk1.8.0_281\bin;;C:\Program Files\Docker\Docker\resources\bin;C:\ProgramData\DockerDesktop\version-bin;C:\Program Files\nodejs\;C:\Users\gauta\scoop\shims;C:\Users\gauta\AppData\Local\Microsoft\WindowsApps;;C:\Users\gauta\AppData\Local\Microsoft\WindowsApps;C:\Program Files\Microsoft VS Code\bin;C:\Users\gauta\AppData\Roaming\npm;."/>
    <property name="java.vm.info" value="mixed mode"/>
    <property name="java.vendor" value="Oracle Corporation"/>
    <property name="java.vm.version" value="25.281-b09"/>
    <property name="java.ext.dirs" value="C:\Program Files\Java\jdk1.8.0_281\jre\lib\ext;C:\WINDOWS\Sun\Java\lib\ext"/>
    <property name="sun.io.unicode.encoding" value="UnicodeLittle"/>
    <property name="java.class.version" value="52.0"/>
  </properties>
  <testcase name="testPact" classname="support.PactSupportTest" time="1.596"/>
</testsuite>